<?xml version="1.0" encoding="UTF-8"?>
<TestRun id="53520183-a76f-456f-9dce-af75799e1482" name="GARY@GARY-PC 2012-12-12 20:45:22" runUser="GARY-PC\GARY" xmlns="http://microsoft.com/schemas/VisualStudio/TeamTest/2010">
  <TestSettings name="Local" id="4ca48695-c30c-4879-942c-091a54fb5e99">
    <Description>These are default test settings for a local test run.</Description>
    <Deployment enabled="false" runDeploymentRoot="GARY_GARY-PC 2012-12-12 20_45_22">
      <DeploymentItem filename="C:\Users\GARY\Desktop\ProjectDec\Iteration_1\Iteration_1\Roisin2\Revision3\Revision_3\FinalProject_16\packages\EntityFramework.5.0.0\lib\net40\EntityFramework.dll" />
      <DeploymentItem filename="C:\Users\GARY\Desktop\ProjectDec\Iteration_1\Iteration_1\Roisin2\Revision3\Revision_3\FinalProject_16\FinalProject_16\bin\FinalProject_16.dll" />
    </Deployment>
    <Execution>
      <TestTypeSpecific />
      <AgentRule name="Execution Agents">
      </AgentRule>
    </Execution>
  </TestSettings>
  <Times creation="2012-12-12T20:45:22.9445240+00:00" queuing="2012-12-12T20:45:23.0305240+00:00" start="2012-12-12T20:45:23.0765240+00:00" finish="2012-12-12T20:45:24.8935240+00:00" />
  <ResultSummary outcome="Completed">
    <Counters total="1" executed="1" passed="1" error="0" failed="0" timeout="0" aborted="0" inconclusive="0" passedButRunAborted="0" notRunnable="0" notExecuted="0" disconnected="0" warning="0" completed="0" inProgress="0" pending="0" />
  </ResultSummary>
  <TestDefinitions>
    <UnitTest name="DeleteTest2" storage="c:\users\gary\desktop\projectdec\iteration_1\iteration_1\roisin2\revision3\revision_3\finalproject_16\testproject1\bin\debug\testproject1.dll" id="21c2fc13-774c-c244-09f8-354a2187fac4">
      <Execution id="67c03b1c-d0e5-402b-a95e-346cf6d4cac9" />
      <TestMethod codeBase="C:/Users/GARY/Desktop/ProjectDec/Iteration_1/Iteration_1/Roisin2/Revision3/Revision_3/FinalProject_16/TestProject1/bin/Debug/TestProject1.DLL" adapterTypeName="Microsoft.VisualStudio.TestTools.TestTypes.Unit.UnitTestAdapter, Microsoft.VisualStudio.QualityTools.Tips.UnitTest.Adapter, Version=10.0.0.0, Culture=neutral, PublicKeyToken=b03f5f7f11d50a3a" className="TestProject1.TaskControllerTest, TestProject1, Version=1.0.0.0, Culture=neutral, PublicKeyToken=null" name="DeleteTest2" />
    </UnitTest>
  </TestDefinitions>
  <TestLists>
    <TestList name="Results Not in a List" id="8c84fa94-04c1-424b-9868-57a2d4851a1d" />
    <TestList name="All Loaded Results" id="19431567-8539-422a-85d7-44ee4e166bda" />
  </TestLists>
  <TestEntries>
    <TestEntry testId="21c2fc13-774c-c244-09f8-354a2187fac4" executionId="67c03b1c-d0e5-402b-a95e-346cf6d4cac9" testListId="8c84fa94-04c1-424b-9868-57a2d4851a1d" />
  </TestEntries>
  <Results>
    <UnitTestResult executionId="67c03b1c-d0e5-402b-a95e-346cf6d4cac9" testId="21c2fc13-774c-c244-09f8-354a2187fac4" testName="DeleteTest2" computerName="GARY-PC" duration="00:00:01.4296655" startTime="2012-12-12T20:45:23.1115240+00:00" endTime="2012-12-12T20:45:24.8305240+00:00" testType="13cdc9d9-ddb5-4fa4-a97d-d965ccfc6d4b" outcome="Passed" testListId="8c84fa94-04c1-424b-9868-57a2d4851a1d" relativeResultsDirectory="67c03b1c-d0e5-402b-a95e-346cf6d4cac9">
    </UnitTestResult>
  </Results>
</TestRun>