<?xml version="1.0" encoding="UTF-8"?>
<TestRun id="3c76078e-d67e-46b9-b276-2a564a64f489" name="GARY@GARY-PC 2012-12-12 20:13:27" runUser="GARY-PC\GARY" xmlns="http://microsoft.com/schemas/VisualStudio/TeamTest/2010">
  <TestSettings name="Local" id="4ca48695-c30c-4879-942c-091a54fb5e99">
    <Description>These are default test settings for a local test run.</Description>
    <Deployment enabled="false" runDeploymentRoot="GARY_GARY-PC 2012-12-12 20_13_27">
      <DeploymentItem filename="C:\Users\GARY\Desktop\ProjectDec\Iteration_1\Iteration_1\Roisin2\Revision3\Revision_3\FinalProject_16\packages\EntityFramework.5.0.0\lib\net40\EntityFramework.dll" />
      <DeploymentItem filename="C:\Users\GARY\Desktop\ProjectDec\Iteration_1\Iteration_1\Roisin2\Revision3\Revision_3\FinalProject_16\FinalProject_16\bin\FinalProject_16.dll" />
    </Deployment>
    <Execution>
      <TestTypeSpecific />
      <AgentRule name="Execution Agents">
      </AgentRule>
    </Execution>
  </TestSettings>
  <Times creation="2012-12-12T20:13:27.5645240+00:00" queuing="2012-12-12T20:13:27.6415240+00:00" start="2012-12-12T20:13:27.7965240+00:00" finish="2012-12-12T20:13:33.3745240+00:00" />
  <ResultSummary outcome="Failed">
    <Counters total="1" executed="1" error="0" failed="1" timeout="0" aborted="0" inconclusive="0" passedButRunAborted="0" notRunnable="0" notExecuted="0" disconnected="0" warning="0" passed="0" completed="0" inProgress="0" pending="0" />
  </ResultSummary>
  <TestDefinitions>
    <UnitTest name="DeleteTest2" storage="c:\users\gary\desktop\projectdec\iteration_1\iteration_1\roisin2\revision3\revision_3\finalproject_16\testproject1\bin\debug\testproject1.dll" id="21c2fc13-774c-c244-09f8-354a2187fac4">
      <Execution id="4b30a66f-c36f-430f-82e7-7a272cfac145" />
      <TestMethod codeBase="C:/Users/GARY/Desktop/ProjectDec/Iteration_1/Iteration_1/Roisin2/Revision3/Revision_3/FinalProject_16/TestProject1/bin/Debug/TestProject1.DLL" adapterTypeName="Microsoft.VisualStudio.TestTools.TestTypes.Unit.UnitTestAdapter, Microsoft.VisualStudio.QualityTools.Tips.UnitTest.Adapter, Version=10.0.0.0, Culture=neutral, PublicKeyToken=b03f5f7f11d50a3a" className="TestProject1.TaskControllerTest, TestProject1, Version=1.0.0.0, Culture=neutral, PublicKeyToken=null" name="DeleteTest2" />
    </UnitTest>
  </TestDefinitions>
  <TestLists>
    <TestList name="Results Not in a List" id="8c84fa94-04c1-424b-9868-57a2d4851a1d" />
    <TestList name="All Loaded Results" id="19431567-8539-422a-85d7-44ee4e166bda" />
  </TestLists>
  <TestEntries>
    <TestEntry testId="21c2fc13-774c-c244-09f8-354a2187fac4" executionId="4b30a66f-c36f-430f-82e7-7a272cfac145" testListId="8c84fa94-04c1-424b-9868-57a2d4851a1d" />
  </TestEntries>
  <Results>
    <UnitTestResult executionId="4b30a66f-c36f-430f-82e7-7a272cfac145" testId="21c2fc13-774c-c244-09f8-354a2187fac4" testName="DeleteTest2" computerName="GARY-PC" duration="00:00:05.3495458" startTime="2012-12-12T20:13:27.6525240+00:00" endTime="2012-12-12T20:13:33.2695240+00:00" testType="13cdc9d9-ddb5-4fa4-a97d-d965ccfc6d4b" outcome="Failed" testListId="8c84fa94-04c1-424b-9868-57a2d4851a1d" relativeResultsDirectory="4b30a66f-c36f-430f-82e7-7a272cfac145">
      <Output>
        <ErrorInfo>
          <Message>Test method TestProject1.TaskControllerTest.DeleteTest2 threw exception: 
System.InvalidOperationException: Sequence contains no elements</Message>
          <StackTrace>    at System.Linq.Enumerable.Single[TSource](IEnumerable`1 source)
   at System.Data.Objects.ELinq.ObjectQueryProvider.&lt;GetElementFunction&gt;b__3[TResult](IEnumerable`1 sequence)
   at System.Data.Objects.ELinq.ObjectQueryProvider.ExecuteSingle[TResult](IEnumerable`1 query, Expression queryRoot)
   at System.Data.Objects.ELinq.ObjectQueryProvider.System.Linq.IQueryProvider.Execute[S](Expression expression)
   at System.Data.Entity.Internal.Linq.DbQueryProvider.Execute[TResult](Expression expression)
   at System.Linq.Queryable.Single[TSource](IQueryable`1 source, Expression`1 predicate)
   at TestProject1.TaskControllerTest.DeleteTest2() in C:\Users\GARY\Desktop\ProjectDec\Iteration_1\Iteration_1\Roisin2\Revision3\Revision_3\FinalProject_16\TestProject1\TaskControllerTest.cs:line 167
</StackTrace>
        </ErrorInfo>
      </Output>
    </UnitTestResult>
  </Results>
</TestRun>