<?xml version="1.0" encoding="UTF-8"?>
<TestRun id="95d6975b-fd33-4a23-83b3-478687aaff79" name="GARY@GARY-PC 2013-05-19 10:02:21" runUser="GARY-PC\GARY" xmlns="http://microsoft.com/schemas/VisualStudio/TeamTest/2010">
  <TestSettings name="Local" id="b2bda9e8-ca3a-4688-9bad-6903683352bd">
    <Description>These are default test settings for a local test run.</Description>
    <Deployment enabled="false" runDeploymentRoot="GARY_GARY-PC 2013-05-19 10_02_21">
      <DeploymentItem filename="C:\Users\GARY\Desktop\Semester2\4. Project\GoogleCodeDownloads\ProjectRevision 12FinalTest\ProjectRevision5\bin\ProjectRevision5.dll" />
      <DeploymentItem filename="C:\Users\GARY\Desktop\Semester2\4. Project\GoogleCodeDownloads\ProjectRevision 12FinalTest\packages\EntityFramework.4.1.10331.0\lib\EntityFramework.dll" />
      <DeploymentItem filename="c:\Program Files\Microsoft ASP.NET\ASP.NET Web Pages\v1.0\Assemblies\System.Web.Razor.dll" />
      <DeploymentItem filename="C:\Program Files\Microsoft ASP.NET\ASP.NET Web Pages\v2.0\Assemblies\Microsoft.Web.Infrastructure.dll" />
      <DeploymentItem filename="C:\Program Files\Microsoft SDKs\Windows Azure\.NET SDK\2012-06\ref\Microsoft.WindowsAzure.StorageClient.dll" />
      <DeploymentItem filename="c:\Program Files\Microsoft ASP.NET\ASP.NET Web Pages\v1.0\Assemblies\System.Web.WebPages.Deployment.dll" />
      <DeploymentItem filename="c:\Program Files\Microsoft ASP.NET\ASP.NET Web Pages\v1.0\Assemblies\System.Web.WebPages.Razor.dll" />
      <DeploymentItem filename="C:\Program Files\Microsoft SDKs\Windows Azure\.NET SDK\2012-06\ref\Microsoft.WindowsAzure.Diagnostics.dll" />
      <DeploymentItem filename="c:\Program Files\Microsoft ASP.NET\ASP.NET MVC 3\Assemblies\System.Web.Mvc.dll" />
      <DeploymentItem filename="c:\Program Files\Microsoft ASP.NET\ASP.NET Web Pages\v1.0\Assemblies\System.Web.WebPages.dll" />
      <DeploymentItem filename="C:\Program Files\Microsoft SDKs\Windows Azure\.NET SDK\2012-06\ref\Microsoft.WindowsAzure.Configuration.dll" />
      <DeploymentItem filename="c:\Program Files\Microsoft ASP.NET\ASP.NET Web Pages\v1.0\Assemblies\System.Web.Helpers.dll" />
    </Deployment>
    <Execution>
      <TestTypeSpecific />
      <AgentRule name="Execution Agents">
      </AgentRule>
    </Execution>
  </TestSettings>
  <Times creation="2013-05-19T10:02:21.0283260+01:00" queuing="2013-05-19T10:02:25.4993260+01:00" start="2013-05-19T10:02:25.8103260+01:00" finish="2013-05-19T10:02:30.7903260+01:00" />
  <ResultSummary outcome="Failed">
    <Counters total="1" executed="1" error="0" failed="1" timeout="0" aborted="0" inconclusive="0" passedButRunAborted="0" notRunnable="0" notExecuted="0" disconnected="0" warning="0" passed="0" completed="0" inProgress="0" pending="0" />
  </ResultSummary>
  <TestDefinitions>
    <UnitTest name="CreateTest" storage="c:\users\gary\desktop\semester2\4. project\googlecodedownloads\projectrevision 12finaltest\testproject2\bin\debug\testproject2.dll" id="07ce9f38-6ad8-6b2d-2f6f-4498928ae798">
      <Execution id="d0799d68-1a2d-4087-9cad-dd417022cd38" />
      <TestMethod codeBase="C:/Users/GARY/Desktop/Semester2/4. Project/GoogleCodeDownloads/ProjectRevision 12FinalTest/TestProject2/bin/Debug/TestProject2.DLL" adapterTypeName="Microsoft.VisualStudio.TestTools.TestTypes.Unit.UnitTestAdapter, Microsoft.VisualStudio.QualityTools.Tips.UnitTest.Adapter, Version=10.0.0.0, Culture=neutral, PublicKeyToken=b03f5f7f11d50a3a" className="TestProject1.TaskControllerTest, TestProject2, Version=1.0.0.0, Culture=neutral, PublicKeyToken=null" name="CreateTest" />
    </UnitTest>
  </TestDefinitions>
  <TestLists>
    <TestList name="Results Not in a List" id="8c84fa94-04c1-424b-9868-57a2d4851a1d" />
    <TestList name="All Loaded Results" id="19431567-8539-422a-85d7-44ee4e166bda" />
  </TestLists>
  <TestEntries>
    <TestEntry testId="07ce9f38-6ad8-6b2d-2f6f-4498928ae798" executionId="d0799d68-1a2d-4087-9cad-dd417022cd38" testListId="8c84fa94-04c1-424b-9868-57a2d4851a1d" />
  </TestEntries>
  <Results>
    <UnitTestResult executionId="d0799d68-1a2d-4087-9cad-dd417022cd38" testId="07ce9f38-6ad8-6b2d-2f6f-4498928ae798" testName="CreateTest" computerName="GARY-PC" duration="00:00:03.2333332" startTime="2013-05-19T10:02:26.1313260+01:00" endTime="2013-05-19T10:02:30.6853260+01:00" testType="13cdc9d9-ddb5-4fa4-a97d-d965ccfc6d4b" outcome="Failed" testListId="8c84fa94-04c1-424b-9868-57a2d4851a1d" relativeResultsDirectory="d0799d68-1a2d-4087-9cad-dd417022cd38">
      <Output>
        <ErrorInfo>
          <Message>Test method TestProject1.TaskControllerTest.CreateTest threw exception: 
System.ArgumentException: The specified named connection is either not found in the configuration, not intended to be used with the EntityClient provider, or not valid.</Message>
          <StackTrace>    at System.Data.EntityClient.EntityConnection.ChangeConnectionString(String newConnectionString)
   at System.Data.EntityClient.EntityConnection..ctor(String connectionString)
   at System.Data.Objects.ObjectContext.CreateEntityConnection(String connectionString)
   at System.Data.Objects.ObjectContext..ctor(String connectionString, String defaultContainerName)
   at ProjectRevision5.Models.ProjectEntities..ctor() in C:\Users\GARY\Desktop\Semester2\4. Project\GoogleCodeDownloads\ProjectRevision 12FinalTest\ProjectRevision5\Models\Task.Designer.cs:line 34
   at ProjectRevision5.Controllers.TaskController..ctor() in C:\Users\GARY\Desktop\Semester2\4. Project\GoogleCodeDownloads\ProjectRevision 12FinalTest\ProjectRevision5\Controllers\TaskController.cs:line 14
   at TestProject1.TaskControllerTest.CreateTest() in C:\Users\GARY\Desktop\Semester2\4. Project\GoogleCodeDownloads\ProjectRevision 12FinalTest\TestProject2\TaskControllerTest.cs:line 112
</StackTrace>
        </ErrorInfo>
      </Output>
    </UnitTestResult>
  </Results>
</TestRun>