<?xml version="1.0" encoding="UTF-8"?>
<TestRun id="b2e927d3-d565-4e86-805c-20a9bb55032e" name="GARY@GARY-PC 2013-05-19 11:38:41" runUser="GARY-PC\GARY" xmlns="http://microsoft.com/schemas/VisualStudio/TeamTest/2010">
  <TestSettings name="Local" id="b2bda9e8-ca3a-4688-9bad-6903683352bd">
    <Description>These are default test settings for a local test run.</Description>
    <Deployment enabled="false" runDeploymentRoot="GARY_GARY-PC 2013-05-19 11_38_41">
      <DeploymentItem filename="C:\Users\GARY\Desktop\Semester2\4. Project\GoogleCodeDownloads\ProjectRevision 12FinalTest\ProjectRevision5\bin\ProjectRevision5.dll" />
      <DeploymentItem filename="C:\Users\GARY\Desktop\Semester2\4. Project\GoogleCodeDownloads\ProjectRevision 12FinalTest\packages\EntityFramework.4.1.10331.0\lib\EntityFramework.dll" />
      <DeploymentItem filename="c:\Program Files\Microsoft ASP.NET\ASP.NET Web Pages\v1.0\Assemblies\System.Web.Razor.dll" />
      <DeploymentItem filename="C:\Program Files\Microsoft ASP.NET\ASP.NET Web Pages\v2.0\Assemblies\Microsoft.Web.Infrastructure.dll" />
      <DeploymentItem filename="C:\Program Files\Microsoft SDKs\Windows Azure\.NET SDK\2012-06\ref\Microsoft.WindowsAzure.StorageClient.dll" />
      <DeploymentItem filename="c:\Program Files\Microsoft ASP.NET\ASP.NET Web Pages\v1.0\Assemblies\System.Web.WebPages.Deployment.dll" />
      <DeploymentItem filename="c:\Program Files\Microsoft ASP.NET\ASP.NET Web Pages\v1.0\Assemblies\System.Web.WebPages.Razor.dll" />
      <DeploymentItem filename="C:\Program Files\Microsoft SDKs\Windows Azure\.NET SDK\2012-06\ref\Microsoft.WindowsAzure.Diagnostics.dll" />
      <DeploymentItem filename="c:\Program Files\Microsoft ASP.NET\ASP.NET MVC 3\Assemblies\System.Web.Mvc.dll" />
      <DeploymentItem filename="c:\Program Files\Microsoft ASP.NET\ASP.NET Web Pages\v1.0\Assemblies\System.Web.WebPages.dll" />
      <DeploymentItem filename="C:\Program Files\Microsoft SDKs\Windows Azure\.NET SDK\2012-06\ref\Microsoft.WindowsAzure.Configuration.dll" />
      <DeploymentItem filename="c:\Program Files\Microsoft ASP.NET\ASP.NET Web Pages\v1.0\Assemblies\System.Web.Helpers.dll" />
    </Deployment>
    <Execution>
      <TestTypeSpecific />
      <AgentRule name="Execution Agents">
      </AgentRule>
    </Execution>
  </TestSettings>
  <Times creation="2013-05-19T11:38:41.5393260+01:00" queuing="2013-05-19T11:38:41.6073260+01:00" start="2013-05-19T11:38:41.6243260+01:00" finish="2013-05-19T11:38:55.2123260+01:00" />
  <ResultSummary outcome="Failed">
    <Counters total="3" executed="3" passed="2" error="0" failed="1" timeout="0" aborted="0" inconclusive="0" passedButRunAborted="0" notRunnable="0" notExecuted="0" disconnected="0" warning="0" completed="0" inProgress="0" pending="0" />
  </ResultSummary>
  <TestDefinitions>
    <UnitTest name="CreateTest" storage="c:\users\gary\desktop\semester2\4. project\googlecodedownloads\projectrevision 12finaltest\testproject2\bin\debug\testproject2.dll" id="4cfabfc5-6cfe-772b-2cb1-92d8f8fc8d37">
      <Execution id="69ec9b41-14dc-43a7-80c2-cd2a9653a059" />
      <TestMethod codeBase="C:/Users/GARY/Desktop/Semester2/4. Project/GoogleCodeDownloads/ProjectRevision 12FinalTest/TestProject2/bin/Debug/TestProject2.DLL" adapterTypeName="Microsoft.VisualStudio.TestTools.TestTypes.Unit.UnitTestAdapter, Microsoft.VisualStudio.QualityTools.Tips.UnitTest.Adapter, Version=10.0.0.0, Culture=neutral, PublicKeyToken=b03f5f7f11d50a3a" className="TestProject2.TaskControllerTest, TestProject2, Version=1.0.0.0, Culture=neutral, PublicKeyToken=null" name="CreateTest" />
    </UnitTest>
    <UnitTest name="DeleteTest" storage="c:\users\gary\desktop\semester2\4. project\googlecodedownloads\projectrevision 12finaltest\testproject2\bin\debug\testproject2.dll" id="ba03a2ca-f904-4de1-947a-cc6ea25f11d2">
      <Execution id="90bd2cb8-3c00-4997-8030-0816191df055" />
      <TestMethod codeBase="C:/Users/GARY/Desktop/Semester2/4. Project/GoogleCodeDownloads/ProjectRevision 12FinalTest/TestProject2/bin/Debug/TestProject2.DLL" adapterTypeName="Microsoft.VisualStudio.TestTools.TestTypes.Unit.UnitTestAdapter, Microsoft.VisualStudio.QualityTools.Tips.UnitTest.Adapter, Version=10.0.0.0, Culture=neutral, PublicKeyToken=b03f5f7f11d50a3a" className="TestProject2.TaskControllerTest, TestProject2, Version=1.0.0.0, Culture=neutral, PublicKeyToken=null" name="DeleteTest" />
    </UnitTest>
    <UnitTest name="EditTest" storage="c:\users\gary\desktop\semester2\4. project\googlecodedownloads\projectrevision 12finaltest\testproject2\bin\debug\testproject2.dll" id="06afd357-d346-b909-0d8f-725f6ea0c0c2">
      <Execution id="f29b30a8-6ea2-48b2-bc1b-a86e2b8fb3e3" />
      <TestMethod codeBase="C:/Users/GARY/Desktop/Semester2/4. Project/GoogleCodeDownloads/ProjectRevision 12FinalTest/TestProject2/bin/Debug/TestProject2.DLL" adapterTypeName="Microsoft.VisualStudio.TestTools.TestTypes.Unit.UnitTestAdapter, Microsoft.VisualStudio.QualityTools.Tips.UnitTest.Adapter, Version=10.0.0.0, Culture=neutral, PublicKeyToken=b03f5f7f11d50a3a" className="TestProject2.TaskControllerTest, TestProject2, Version=1.0.0.0, Culture=neutral, PublicKeyToken=null" name="EditTest" />
    </UnitTest>
  </TestDefinitions>
  <TestLists>
    <TestList name="Results Not in a List" id="8c84fa94-04c1-424b-9868-57a2d4851a1d" />
    <TestList name="All Loaded Results" id="19431567-8539-422a-85d7-44ee4e166bda" />
  </TestLists>
  <TestEntries>
    <TestEntry testId="06afd357-d346-b909-0d8f-725f6ea0c0c2" executionId="f29b30a8-6ea2-48b2-bc1b-a86e2b8fb3e3" testListId="8c84fa94-04c1-424b-9868-57a2d4851a1d" />
    <TestEntry testId="4cfabfc5-6cfe-772b-2cb1-92d8f8fc8d37" executionId="69ec9b41-14dc-43a7-80c2-cd2a9653a059" testListId="8c84fa94-04c1-424b-9868-57a2d4851a1d" />
    <TestEntry testId="ba03a2ca-f904-4de1-947a-cc6ea25f11d2" executionId="90bd2cb8-3c00-4997-8030-0816191df055" testListId="8c84fa94-04c1-424b-9868-57a2d4851a1d" />
  </TestEntries>
  <Results>
    <UnitTestResult executionId="f29b30a8-6ea2-48b2-bc1b-a86e2b8fb3e3" testId="06afd357-d346-b909-0d8f-725f6ea0c0c2" testName="EditTest" computerName="GARY-PC" duration="00:00:00.5236378" startTime="2013-05-19T11:38:41.6393260+01:00" endTime="2013-05-19T11:38:42.4353260+01:00" testType="13cdc9d9-ddb5-4fa4-a97d-d965ccfc6d4b" outcome="Failed" testListId="8c84fa94-04c1-424b-9868-57a2d4851a1d" relativeResultsDirectory="f29b30a8-6ea2-48b2-bc1b-a86e2b8fb3e3">
      <Output>
        <ErrorInfo>
          <Message>Test method TestProject2.TaskControllerTest.EditTest threw exception: 
System.InvalidOperationException: Sequence contains no elements</Message>
          <StackTrace>    at System.Linq.Enumerable.Single[TSource](IEnumerable`1 source)
   at System.Data.Objects.ELinq.ObjectQueryProvider.&lt;GetElementFunction&gt;b__3[TResult](IEnumerable`1 sequence)
   at System.Data.Objects.ELinq.ObjectQueryProvider.ExecuteSingle[TResult](IEnumerable`1 query, Expression queryRoot)
   at System.Data.Objects.ELinq.ObjectQueryProvider.System.Linq.IQueryProvider.Execute[S](Expression expression)
   at System.Linq.Queryable.Single[TSource](IQueryable`1 source, Expression`1 predicate)
   at ProjectRevision5.Controllers.TaskController.Edit(Int32 id) in C:\Users\GARY\Desktop\Semester2\4. Project\GoogleCodeDownloads\ProjectRevision 12FinalTest\ProjectRevision5\Controllers\TaskController.cs:line 87
   at TestProject2.TaskControllerTest.EditTest() in C:\Users\GARY\Desktop\Semester2\4. Project\GoogleCodeDownloads\ProjectRevision 12FinalTest\TestProject2\TaskControllerTest.cs:line 46
</StackTrace>
        </ErrorInfo>
      </Output>
    </UnitTestResult>
    <UnitTestResult executionId="69ec9b41-14dc-43a7-80c2-cd2a9653a059" testId="4cfabfc5-6cfe-772b-2cb1-92d8f8fc8d37" testName="CreateTest" computerName="GARY-PC" duration="00:00:06.6340887" startTime="2013-05-19T11:38:42.4383260+01:00" endTime="2013-05-19T11:38:49.0843260+01:00" testType="13cdc9d9-ddb5-4fa4-a97d-d965ccfc6d4b" outcome="Passed" testListId="8c84fa94-04c1-424b-9868-57a2d4851a1d" relativeResultsDirectory="69ec9b41-14dc-43a7-80c2-cd2a9653a059">
    </UnitTestResult>
    <UnitTestResult executionId="90bd2cb8-3c00-4997-8030-0816191df055" testId="ba03a2ca-f904-4de1-947a-cc6ea25f11d2" testName="DeleteTest" computerName="GARY-PC" duration="00:00:06.0949529" startTime="2013-05-19T11:38:49.0863260+01:00" endTime="2013-05-19T11:38:55.1873260+01:00" testType="13cdc9d9-ddb5-4fa4-a97d-d965ccfc6d4b" outcome="Passed" testListId="8c84fa94-04c1-424b-9868-57a2d4851a1d" relativeResultsDirectory="90bd2cb8-3c00-4997-8030-0816191df055">
    </UnitTestResult>
  </Results>
</TestRun>