<?xml version="1.0" encoding="UTF-8"?>
<TestRun id="9c4a8271-f771-4751-9574-db8e83d040ef" name="GARY@GARY-PC 2013-05-19 11:16:39" runUser="GARY-PC\GARY" xmlns="http://microsoft.com/schemas/VisualStudio/TeamTest/2010">
  <TestSettings name="Local" id="b2bda9e8-ca3a-4688-9bad-6903683352bd">
    <Description>These are default test settings for a local test run.</Description>
    <Deployment enabled="false" runDeploymentRoot="GARY_GARY-PC 2013-05-19 11_16_39">
      <DeploymentItem filename="C:\Users\GARY\Desktop\Semester2\4. Project\GoogleCodeDownloads\ProjectRevision 12FinalTest\ProjectRevision5\bin\ProjectRevision5.dll" />
      <DeploymentItem filename="C:\Users\GARY\Desktop\Semester2\4. Project\GoogleCodeDownloads\ProjectRevision 12FinalTest\packages\EntityFramework.4.1.10331.0\lib\EntityFramework.dll" />
      <DeploymentItem filename="c:\Program Files\Microsoft ASP.NET\ASP.NET Web Pages\v1.0\Assemblies\System.Web.Razor.dll" />
      <DeploymentItem filename="C:\Program Files\Microsoft ASP.NET\ASP.NET Web Pages\v2.0\Assemblies\Microsoft.Web.Infrastructure.dll" />
      <DeploymentItem filename="C:\Program Files\Microsoft SDKs\Windows Azure\.NET SDK\2012-06\ref\Microsoft.WindowsAzure.StorageClient.dll" />
      <DeploymentItem filename="c:\Program Files\Microsoft ASP.NET\ASP.NET Web Pages\v1.0\Assemblies\System.Web.WebPages.Deployment.dll" />
      <DeploymentItem filename="c:\Program Files\Microsoft ASP.NET\ASP.NET Web Pages\v1.0\Assemblies\System.Web.WebPages.Razor.dll" />
      <DeploymentItem filename="C:\Program Files\Microsoft SDKs\Windows Azure\.NET SDK\2012-06\ref\Microsoft.WindowsAzure.Diagnostics.dll" />
      <DeploymentItem filename="c:\Program Files\Microsoft ASP.NET\ASP.NET MVC 3\Assemblies\System.Web.Mvc.dll" />
      <DeploymentItem filename="c:\Program Files\Microsoft ASP.NET\ASP.NET Web Pages\v1.0\Assemblies\System.Web.WebPages.dll" />
      <DeploymentItem filename="C:\Program Files\Microsoft SDKs\Windows Azure\.NET SDK\2012-06\ref\Microsoft.WindowsAzure.Configuration.dll" />
      <DeploymentItem filename="c:\Program Files\Microsoft ASP.NET\ASP.NET Web Pages\v1.0\Assemblies\System.Web.Helpers.dll" />
    </Deployment>
    <Execution>
      <TestTypeSpecific />
      <AgentRule name="Execution Agents">
      </AgentRule>
    </Execution>
  </TestSettings>
  <Times creation="2013-05-19T11:16:39.8463260+01:00" queuing="2013-05-19T11:16:40.0663260+01:00" start="2013-05-19T11:16:40.2783260+01:00" finish="2013-05-19T11:17:26.4213260+01:00" />
  <ResultSummary outcome="Failed">
    <Counters total="1" executed="1" error="0" failed="1" timeout="0" aborted="0" inconclusive="0" passedButRunAborted="0" notRunnable="0" notExecuted="0" disconnected="0" warning="0" passed="0" completed="0" inProgress="0" pending="0" />
  </ResultSummary>
  <TestDefinitions>
    <UnitTest name="EditTest" storage="c:\users\gary\desktop\semester2\4. project\googlecodedownloads\projectrevision 12finaltest\testproject2\bin\debug\testproject2.dll" id="06afd357-d346-b909-0d8f-725f6ea0c0c2">
      <Execution id="2ebe01b9-7564-43e0-8849-274ef2cb4b9e" />
      <TestMethod codeBase="C:/Users/GARY/Desktop/Semester2/4. Project/GoogleCodeDownloads/ProjectRevision 12FinalTest/TestProject2/bin/Debug/TestProject2.DLL" adapterTypeName="Microsoft.VisualStudio.TestTools.TestTypes.Unit.UnitTestAdapter, Microsoft.VisualStudio.QualityTools.Tips.UnitTest.Adapter, Version=10.0.0.0, Culture=neutral, PublicKeyToken=b03f5f7f11d50a3a" className="TestProject2.TaskControllerTest, TestProject2, Version=1.0.0.0, Culture=neutral, PublicKeyToken=null" name="EditTest" />
      <AspNet webSiteUrl="http://localhost:49982/">
        <Host pathToWebApp="C:\Users\GARY\Desktop\Semester2\4. Project\GoogleCodeDownloads\ProjectRevision 12FinalTest\ProjectRevision5" webAppRoot="/" />
      </AspNet>
    </UnitTest>
  </TestDefinitions>
  <TestLists>
    <TestList name="Results Not in a List" id="8c84fa94-04c1-424b-9868-57a2d4851a1d" />
    <TestList name="All Loaded Results" id="19431567-8539-422a-85d7-44ee4e166bda" />
  </TestLists>
  <TestEntries>
    <TestEntry testId="06afd357-d346-b909-0d8f-725f6ea0c0c2" executionId="2ebe01b9-7564-43e0-8849-274ef2cb4b9e" testListId="8c84fa94-04c1-424b-9868-57a2d4851a1d" />
  </TestEntries>
  <Results>
    <UnitTestResult executionId="2ebe01b9-7564-43e0-8849-274ef2cb4b9e" testId="06afd357-d346-b909-0d8f-725f6ea0c0c2" testName="EditTest" computerName="GARY-PC" startTime="2013-05-19T11:16:40.7213260+01:00" endTime="2013-05-19T11:17:26.1443260+01:00" testType="13cdc9d9-ddb5-4fa4-a97d-d965ccfc6d4b" outcome="Failed" testListId="8c84fa94-04c1-424b-9868-57a2d4851a1d" relativeResultsDirectory="2ebe01b9-7564-43e0-8849-274ef2cb4b9e">
      <Output>
        <ErrorInfo>
          <Message>The Web request 'http://localhost:49982/' completed successfully without running the test. This can occur when configuring the Web application for testing fails (an ASP.NET server error occurs when processing the request), or when no ASP.NET page is executed (the URL may point to an HTML page, a Web service, or a directory listing). Running tests in ASP.NET requires the URL to resolve to an ASP.NET page and for the page to execute properly up to the Load event. The response from the request is stored in the file 'WebRequestResponse_EditTest.html' with the test results; typically this file can be opened with a Web browser to view its contents.</Message>
        </ErrorInfo>
      </Output>
      <ResultFiles>
        <ResultFile path="GARY-PC\WebRequestResponse_EditTest.html" />
      </ResultFiles>
    </UnitTestResult>
  </Results>
</TestRun>