<?xml version="1.0" encoding="UTF-8"?>
<TestRun id="b22f56d7-379b-41ee-9f9a-7a137943f18d" name="GARY@GARY-PC 2012-12-12 20:09:42" runUser="GARY-PC\GARY" xmlns="http://microsoft.com/schemas/VisualStudio/TeamTest/2010">
  <TestSettings name="Local" id="4ca48695-c30c-4879-942c-091a54fb5e99">
    <Description>These are default test settings for a local test run.</Description>
    <Deployment enabled="false" runDeploymentRoot="GARY_GARY-PC 2012-12-12 20_09_42">
      <DeploymentItem filename="C:\Users\GARY\Desktop\ProjectDec\Iteration_1\Iteration_1\Roisin2\Revision3\Revision_3\FinalProject_16\packages\EntityFramework.5.0.0\lib\net40\EntityFramework.dll" />
      <DeploymentItem filename="C:\Users\GARY\Desktop\ProjectDec\Iteration_1\Iteration_1\Roisin2\Revision3\Revision_3\FinalProject_16\FinalProject_16\bin\FinalProject_16.dll" />
    </Deployment>
    <Execution>
      <TestTypeSpecific />
      <AgentRule name="Execution Agents">
      </AgentRule>
    </Execution>
  </TestSettings>
  <Times creation="2012-12-12T20:09:42.5875240+00:00" queuing="2012-12-12T20:09:42.6495240+00:00" start="2012-12-12T20:09:42.6665240+00:00" finish="2012-12-12T20:09:44.3475240+00:00" />
  <ResultSummary outcome="Failed">
    <Counters total="1" executed="1" error="0" failed="1" timeout="0" aborted="0" inconclusive="0" passedButRunAborted="0" notRunnable="0" notExecuted="0" disconnected="0" warning="0" passed="0" completed="0" inProgress="0" pending="0" />
  </ResultSummary>
  <TestDefinitions>
    <UnitTest name="DeleteTest2" storage="c:\users\gary\desktop\projectdec\iteration_1\iteration_1\roisin2\revision3\revision_3\finalproject_16\testproject1\bin\debug\testproject1.dll" id="21c2fc13-774c-c244-09f8-354a2187fac4">
      <Execution id="d5c9cb3d-7f1d-4406-b2d1-cb1e4a023239" />
      <TestMethod codeBase="C:/Users/GARY/Desktop/ProjectDec/Iteration_1/Iteration_1/Roisin2/Revision3/Revision_3/FinalProject_16/TestProject1/bin/Debug/TestProject1.DLL" adapterTypeName="Microsoft.VisualStudio.TestTools.TestTypes.Unit.UnitTestAdapter, Microsoft.VisualStudio.QualityTools.Tips.UnitTest.Adapter, Version=10.0.0.0, Culture=neutral, PublicKeyToken=b03f5f7f11d50a3a" className="TestProject1.TaskControllerTest, TestProject1, Version=1.0.0.0, Culture=neutral, PublicKeyToken=null" name="DeleteTest2" />
    </UnitTest>
  </TestDefinitions>
  <TestLists>
    <TestList name="Results Not in a List" id="8c84fa94-04c1-424b-9868-57a2d4851a1d" />
    <TestList name="All Loaded Results" id="19431567-8539-422a-85d7-44ee4e166bda" />
  </TestLists>
  <TestEntries>
    <TestEntry testId="21c2fc13-774c-c244-09f8-354a2187fac4" executionId="d5c9cb3d-7f1d-4406-b2d1-cb1e4a023239" testListId="8c84fa94-04c1-424b-9868-57a2d4851a1d" />
  </TestEntries>
  <Results>
    <UnitTestResult executionId="d5c9cb3d-7f1d-4406-b2d1-cb1e4a023239" testId="21c2fc13-774c-c244-09f8-354a2187fac4" testName="DeleteTest2" computerName="GARY-PC" duration="00:00:01.3231922" startTime="2012-12-12T20:09:42.6825240+00:00" endTime="2012-12-12T20:09:44.2915240+00:00" testType="13cdc9d9-ddb5-4fa4-a97d-d965ccfc6d4b" outcome="Failed" testListId="8c84fa94-04c1-424b-9868-57a2d4851a1d" relativeResultsDirectory="d5c9cb3d-7f1d-4406-b2d1-cb1e4a023239">
      <Output>
        <ErrorInfo>
          <Message>Assert.IsNull failed. </Message>
          <StackTrace>   at TestProject1.TaskControllerTest.DeleteTest2() in C:\Users\GARY\Desktop\ProjectDec\Iteration_1\Iteration_1\Roisin2\Revision3\Revision_3\FinalProject_16\TestProject1\TaskControllerTest.cs:line 168
</StackTrace>
        </ErrorInfo>
      </Output>
    </UnitTestResult>
  </Results>
</TestRun>