<?xml version="1.0" encoding="UTF-8"?>
<TestRun id="09582033-ee81-4c2b-b6a1-adb5545daf65" name="GARY@GARY-PC 2013-05-19 11:29:43" runUser="GARY-PC\GARY" xmlns="http://microsoft.com/schemas/VisualStudio/TeamTest/2010">
  <TestSettings name="Local" id="b2bda9e8-ca3a-4688-9bad-6903683352bd">
    <Description>These are default test settings for a local test run.</Description>
    <Deployment enabled="false" runDeploymentRoot="GARY_GARY-PC 2013-05-19 11_29_43">
      <DeploymentItem filename="C:\Users\GARY\Desktop\Semester2\4. Project\GoogleCodeDownloads\ProjectRevision 12FinalTest\ProjectRevision5\bin\ProjectRevision5.dll" />
      <DeploymentItem filename="C:\Users\GARY\Desktop\Semester2\4. Project\GoogleCodeDownloads\ProjectRevision 12FinalTest\packages\EntityFramework.4.1.10331.0\lib\EntityFramework.dll" />
      <DeploymentItem filename="c:\Program Files\Microsoft ASP.NET\ASP.NET Web Pages\v1.0\Assemblies\System.Web.Razor.dll" />
      <DeploymentItem filename="C:\Program Files\Microsoft ASP.NET\ASP.NET Web Pages\v2.0\Assemblies\Microsoft.Web.Infrastructure.dll" />
      <DeploymentItem filename="C:\Program Files\Microsoft SDKs\Windows Azure\.NET SDK\2012-06\ref\Microsoft.WindowsAzure.StorageClient.dll" />
      <DeploymentItem filename="c:\Program Files\Microsoft ASP.NET\ASP.NET Web Pages\v1.0\Assemblies\System.Web.WebPages.Deployment.dll" />
      <DeploymentItem filename="c:\Program Files\Microsoft ASP.NET\ASP.NET Web Pages\v1.0\Assemblies\System.Web.WebPages.Razor.dll" />
      <DeploymentItem filename="C:\Program Files\Microsoft SDKs\Windows Azure\.NET SDK\2012-06\ref\Microsoft.WindowsAzure.Diagnostics.dll" />
      <DeploymentItem filename="c:\Program Files\Microsoft ASP.NET\ASP.NET MVC 3\Assemblies\System.Web.Mvc.dll" />
      <DeploymentItem filename="c:\Program Files\Microsoft ASP.NET\ASP.NET Web Pages\v1.0\Assemblies\System.Web.WebPages.dll" />
      <DeploymentItem filename="C:\Program Files\Microsoft SDKs\Windows Azure\.NET SDK\2012-06\ref\Microsoft.WindowsAzure.Configuration.dll" />
      <DeploymentItem filename="c:\Program Files\Microsoft ASP.NET\ASP.NET Web Pages\v1.0\Assemblies\System.Web.Helpers.dll" />
    </Deployment>
    <Execution>
      <TestTypeSpecific />
      <AgentRule name="Execution Agents">
      </AgentRule>
    </Execution>
  </TestSettings>
  <Times creation="2013-05-19T11:29:43.8673260+01:00" queuing="2013-05-19T11:29:44.0353260+01:00" start="2013-05-19T11:29:44.0703260+01:00" finish="2013-05-19T11:29:47.3553260+01:00" />
  <ResultSummary outcome="Completed">
    <Counters total="1" executed="1" passed="1" error="0" failed="0" timeout="0" aborted="0" inconclusive="0" passedButRunAborted="0" notRunnable="0" notExecuted="0" disconnected="0" warning="0" completed="0" inProgress="0" pending="0" />
  </ResultSummary>
  <TestDefinitions>
    <UnitTest name="EditTest" storage="c:\users\gary\desktop\semester2\4. project\googlecodedownloads\projectrevision 12finaltest\testproject2\bin\debug\testproject2.dll" id="06afd357-d346-b909-0d8f-725f6ea0c0c2">
      <Execution id="810c12ee-ab9a-495e-b629-c5bc3bab01d9" />
      <TestMethod codeBase="C:/Users/GARY/Desktop/Semester2/4. Project/GoogleCodeDownloads/ProjectRevision 12FinalTest/TestProject2/bin/Debug/TestProject2.DLL" adapterTypeName="Microsoft.VisualStudio.TestTools.TestTypes.Unit.UnitTestAdapter, Microsoft.VisualStudio.QualityTools.Tips.UnitTest.Adapter, Version=10.0.0.0, Culture=neutral, PublicKeyToken=b03f5f7f11d50a3a" className="TestProject2.TaskControllerTest, TestProject2, Version=1.0.0.0, Culture=neutral, PublicKeyToken=null" name="EditTest" />
    </UnitTest>
  </TestDefinitions>
  <TestLists>
    <TestList name="Results Not in a List" id="8c84fa94-04c1-424b-9868-57a2d4851a1d" />
    <TestList name="All Loaded Results" id="19431567-8539-422a-85d7-44ee4e166bda" />
  </TestLists>
  <TestEntries>
    <TestEntry testId="06afd357-d346-b909-0d8f-725f6ea0c0c2" executionId="810c12ee-ab9a-495e-b629-c5bc3bab01d9" testListId="8c84fa94-04c1-424b-9868-57a2d4851a1d" />
  </TestEntries>
  <Results>
    <UnitTestResult executionId="810c12ee-ab9a-495e-b629-c5bc3bab01d9" testId="06afd357-d346-b909-0d8f-725f6ea0c0c2" testName="EditTest" computerName="GARY-PC" duration="00:00:01.2748160" startTime="2013-05-19T11:29:44.1573260+01:00" endTime="2013-05-19T11:29:45.7113260+01:00" testType="13cdc9d9-ddb5-4fa4-a97d-d965ccfc6d4b" outcome="Passed" testListId="8c84fa94-04c1-424b-9868-57a2d4851a1d" relativeResultsDirectory="810c12ee-ab9a-495e-b629-c5bc3bab01d9">
    </UnitTestResult>
  </Results>
</TestRun>