<?xml version="1.0" encoding="UTF-8"?>
<TestRun id="a5788a50-75c9-41c8-a15e-a619c543d1c2" name="GARY@GARY-PC 2013-05-19 11:09:54" runUser="GARY-PC\GARY" xmlns="http://microsoft.com/schemas/VisualStudio/TeamTest/2010">
  <TestSettings name="Local" id="b2bda9e8-ca3a-4688-9bad-6903683352bd">
    <Description>These are default test settings for a local test run.</Description>
    <Deployment enabled="false" runDeploymentRoot="GARY_GARY-PC 2013-05-19 11_09_54">
      <DeploymentItem filename="C:\Users\GARY\Desktop\Semester2\4. Project\GoogleCodeDownloads\ProjectRevision 12FinalTest\ProjectRevision5\bin\ProjectRevision5.dll" />
      <DeploymentItem filename="C:\Users\GARY\Desktop\Semester2\4. Project\GoogleCodeDownloads\ProjectRevision 12FinalTest\packages\EntityFramework.4.1.10331.0\lib\EntityFramework.dll" />
      <DeploymentItem filename="c:\Program Files\Microsoft ASP.NET\ASP.NET Web Pages\v1.0\Assemblies\System.Web.Razor.dll" />
      <DeploymentItem filename="C:\Program Files\Microsoft ASP.NET\ASP.NET Web Pages\v2.0\Assemblies\Microsoft.Web.Infrastructure.dll" />
      <DeploymentItem filename="C:\Program Files\Microsoft SDKs\Windows Azure\.NET SDK\2012-06\ref\Microsoft.WindowsAzure.StorageClient.dll" />
      <DeploymentItem filename="c:\Program Files\Microsoft ASP.NET\ASP.NET Web Pages\v1.0\Assemblies\System.Web.WebPages.Deployment.dll" />
      <DeploymentItem filename="c:\Program Files\Microsoft ASP.NET\ASP.NET Web Pages\v1.0\Assemblies\System.Web.WebPages.Razor.dll" />
      <DeploymentItem filename="C:\Program Files\Microsoft SDKs\Windows Azure\.NET SDK\2012-06\ref\Microsoft.WindowsAzure.Diagnostics.dll" />
      <DeploymentItem filename="c:\Program Files\Microsoft ASP.NET\ASP.NET MVC 3\Assemblies\System.Web.Mvc.dll" />
      <DeploymentItem filename="c:\Program Files\Microsoft ASP.NET\ASP.NET Web Pages\v1.0\Assemblies\System.Web.WebPages.dll" />
      <DeploymentItem filename="C:\Program Files\Microsoft SDKs\Windows Azure\.NET SDK\2012-06\ref\Microsoft.WindowsAzure.Configuration.dll" />
      <DeploymentItem filename="c:\Program Files\Microsoft ASP.NET\ASP.NET Web Pages\v1.0\Assemblies\System.Web.Helpers.dll" />
    </Deployment>
    <Execution>
      <TestTypeSpecific />
      <AgentRule name="Execution Agents">
      </AgentRule>
    </Execution>
  </TestSettings>
  <Times creation="2013-05-19T11:09:54.8123260+01:00" queuing="2013-05-19T11:09:54.9213260+01:00" start="2013-05-19T11:09:54.9483260+01:00" finish="2013-05-19T11:09:55.6023260+01:00" />
  <ResultSummary outcome="Failed">
    <Counters total="1" executed="1" error="0" failed="1" timeout="0" aborted="0" inconclusive="0" passedButRunAborted="0" notRunnable="0" notExecuted="0" disconnected="0" warning="0" passed="0" completed="0" inProgress="0" pending="0" />
  </ResultSummary>
  <TestDefinitions>
    <UnitTest name="EditTest" storage="c:\users\gary\desktop\semester2\4. project\googlecodedownloads\projectrevision 12finaltest\testproject2\bin\debug\testproject2.dll" id="c8bebc42-3a81-bc1f-43bb-bee38535f3d8">
      <Execution id="a5889c2d-59a8-4ade-9487-e1eeb59d3bfe" />
      <TestMethod codeBase="C:/Users/GARY/Desktop/Semester2/4. Project/GoogleCodeDownloads/ProjectRevision 12FinalTest/TestProject2/bin/Debug/TestProject2.DLL" adapterTypeName="Microsoft.VisualStudio.TestTools.TestTypes.Unit.UnitTestAdapter, Microsoft.VisualStudio.QualityTools.Tips.UnitTest.Adapter, Version=10.0.0.0, Culture=neutral, PublicKeyToken=b03f5f7f11d50a3a" className="TestProject1.TaskControllerTest, TestProject2, Version=1.0.0.0, Culture=neutral, PublicKeyToken=null" name="EditTest" />
    </UnitTest>
  </TestDefinitions>
  <TestLists>
    <TestList name="Results Not in a List" id="8c84fa94-04c1-424b-9868-57a2d4851a1d" />
    <TestList name="All Loaded Results" id="19431567-8539-422a-85d7-44ee4e166bda" />
  </TestLists>
  <TestEntries>
    <TestEntry testId="c8bebc42-3a81-bc1f-43bb-bee38535f3d8" executionId="a5889c2d-59a8-4ade-9487-e1eeb59d3bfe" testListId="8c84fa94-04c1-424b-9868-57a2d4851a1d" />
  </TestEntries>
  <Results>
    <UnitTestResult executionId="a5889c2d-59a8-4ade-9487-e1eeb59d3bfe" testId="c8bebc42-3a81-bc1f-43bb-bee38535f3d8" testName="EditTest" computerName="GARY-PC" duration="00:00:00.2288979" startTime="2013-05-19T11:09:55.0373260+01:00" endTime="2013-05-19T11:09:55.5803260+01:00" testType="13cdc9d9-ddb5-4fa4-a97d-d965ccfc6d4b" outcome="Failed" testListId="8c84fa94-04c1-424b-9868-57a2d4851a1d" relativeResultsDirectory="a5889c2d-59a8-4ade-9487-e1eeb59d3bfe">
      <Output>
        <ErrorInfo>
          <Message>Test method TestProject1.TaskControllerTest.EditTest threw exception: 
System.ArgumentException: The specified named connection is either not found in the configuration, not intended to be used with the EntityClient provider, or not valid.</Message>
          <StackTrace>    at System.Data.EntityClient.EntityConnection.ChangeConnectionString(String newConnectionString)
   at System.Data.EntityClient.EntityConnection..ctor(String connectionString)
   at System.Data.Objects.ObjectContext.CreateEntityConnection(String connectionString)
   at System.Data.Objects.ObjectContext..ctor(String connectionString, String defaultContainerName)
   at ProjectRevision5.Models.ProjectEntities..ctor() in C:\Users\GARY\Desktop\Semester2\4. Project\GoogleCodeDownloads\ProjectRevision 12FinalTest\ProjectRevision5\Models\Task.Designer.cs:line 34
   at TestProject1.TaskControllerTest.EditTest() in C:\Users\GARY\Desktop\Semester2\4. Project\GoogleCodeDownloads\ProjectRevision 12FinalTest\TestProject2\TaskControllerTest.cs:line 186
</StackTrace>
        </ErrorInfo>
      </Output>
    </UnitTestResult>
  </Results>
</TestRun>